C51 COMPILER V9.52.0.0   USART                                                             07/08/2014 16:46:13 PAGE 1   


C51 COMPILER V9.52.0.0, COMPILATION OF MODULE USART
OBJECT MODULE PLACED IN USART.obj
COMPILER INVOKED BY: e:\Keil_v5\C51\BIN\C51.EXE lib\USART.C BROWSE INCDIR(.\lib;.\src) DEBUG OBJECTEXTEND PRINT(.\USART.
                    -lst) TABS(2) OBJECT(USART.obj)

line level    source

   1          #include "USART.h"
   2          
   3          #ifdef USE_USART1
   4          COMx_Define COM1;
   5          u8  xdata TX1_Buffer[COM_TX1_Lenth];  //发送缓冲
   6          u8  xdata RX1_Buffer[COM_RX1_Lenth];  //接收缓冲
   7          #endif
   8          
   9          #ifdef USE_USART2
              COMx_Define COM2;
              u8  xdata TX2_Buffer[COM_TX2_Lenth];  //发送缓冲
              u8  xdata RX2_Buffer[COM_RX2_Lenth];  //接收缓冲
              #endif
  14          
  15          u8 USART_Configuration(u8 UARTx, COMx_InitDefine *COMx)
  16          {
  17   1        u8  i;
  18   1        u32 j;
  19   1        
  20   1          #ifdef USE_USART1
  21   1        if(UARTx == USART1)
  22   1        {
  23   2          COM1.id = 1;
  24   2          COM1.TX_read    = 0;
  25   2          COM1.TX_write   = 0;
  26   2          COM1.B_TX_busy  = 0;
  27   2          COM1.RX_Cnt     = 0;
  28   2          COM1.RX_TimeOut = 0;
  29   2          COM1.B_RX_OK    = 0;
  30   2          for(i=0; i<COM_TX1_Lenth; i++)  TX1_Buffer[i] = 0;
  31   2          for(i=0; i<COM_RX1_Lenth; i++)  RX1_Buffer[i] = 0;
  32   2      
  33   2          if(COMx->UART_Mode > UART_9bit_BRTx)  return 2; //模式错误
  34   2          if(COMx->UART_Polity == PolityHigh)   PS = 1; //高优先级中断
  35   2          else                  PS = 0; //低优先级中断
  36   2          SCON = (SCON & 0x3f) | COMx->UART_Mode;
  37   2          if((COMx->UART_Mode == UART_9bit_BRTx) ||(COMx->UART_Mode == UART_8bit_BRTx)) //可变波特率
  38   2          {
  39   3            j = (MAIN_Fosc / 4) / COMx->UART_BaudRate;  //按1T计算
  40   3            if(j >= 65536UL)  return 2; //错误
  41   3            j = 65536UL - j;
  42   3            if(COMx->UART_BRT_Use == BRT_Timer1)
  43   3            {
  44   4              TR1 = 0;
  45   4              AUXR &= ~0x01;    //S1 BRT Use Timer1;
  46   4              TMOD &= ~(1<<6);  //Timer1 set As Timer
  47   4              TMOD &= ~0x30;    //Timer1_16bitAutoReload;
  48   4              AUXR |=  (1<<6);  //Timer1 set as 1T mode
  49   4              TH1 = (u8)(j>>8);
  50   4              TL1 = (u8)j;
  51   4              ET1 = 0;  //禁止中断
  52   4              TMOD &= ~0x40;  //定时
  53   4              INT_CLKO &= ~0x02;  //不输出时钟
  54   4              TR1  = 1;
C51 COMPILER V9.52.0.0   USART                                                             07/08/2014 16:46:13 PAGE 2   

  55   4            }
  56   3            else if(COMx->UART_BRT_Use == BRT_Timer2)
  57   3            {
  58   4              AUXR &= ~(1<<4);  //Timer stop
  59   4              AUXR |= 0x01;   //S1 BRT Use Timer2;
  60   4              AUXR &= ~(1<<3);  //Timer2 set As Timer
  61   4              AUXR |=  (1<<2);  //Timer2 set as 1T mode
  62   4              TH2 = (u8)(j>>8);
  63   4              TL2 = (u8)j;
  64   4              IE2  &= ~(1<<2);  //禁止中断
  65   4              AUXR &= ~(1<<3);  //定时
  66   4              AUXR |=  (1<<4);  //Timer run enable
  67   4            }
  68   3            else return 2;  //错误
  69   3          }
  70   2          else if(COMx->UART_Mode == UART_ShiftRight)
  71   2          {
  72   3            if(COMx->BaudRateDouble == ENABLE)  AUXR |=  (1<<5);  //固定波特率SysClk/2
  73   3            else                AUXR &= ~(1<<5);  //固定波特率SysClk/12
  74   3          }
  75   2          else if(COMx->UART_Mode == UART_9bit) //固定波特率SysClk*2^SMOD/64
  76   2          {
  77   3            if(COMx->BaudRateDouble == ENABLE)  PCON |=  (1<<7);  //固定波特率SysClk/32
  78   3            else                PCON &= ~(1<<7);  //固定波特率SysClk/64
  79   3          }
  80   2          if(COMx->UART_Interrupt == ENABLE)  ES = 1; //允许中断
  81   2          else                ES = 0; //禁止中断
  82   2          if(COMx->UART_RxEnable == ENABLE) REN = 1;  //允许接收
  83   2          else                REN = 0;  //禁止接收
  84   2          P_SW1 = (P_SW1 & 0x3f) | (COMx->UART_P_SW & 0xc0);  //切换IO
  85   2          if(COMx->UART_RXD_TXD_Short == ENABLE)  PCON2 |=  (1<<4); //内部短路RXD与TXD, 做中继, ENABLE,DISABLE
  86   2          else                  PCON2 &= ~(1<<4);
  87   2          return  0;
  88   2        }
  89   1          #endif
  90   1      
  91   1          #ifdef USE_USART2
                if(UARTx == USART2)
                {
                  COM2.id = 2;
                  COM2.TX_read    = 0;
                  COM2.TX_write   = 0;
                  COM2.B_TX_busy  = 0;
                  COM2.RX_Cnt     = 0;
                  COM2.RX_TimeOut = 0;
                  COM2.B_RX_OK    = 0;
                  for(i=0; i<COM_TX2_Lenth; i++)  TX2_Buffer[i] = 0;
                  for(i=0; i<COM_RX2_Lenth; i++)  RX2_Buffer[i] = 0;
              
                  if((COMx->UART_Mode == UART_9bit_BRTx) ||(COMx->UART_Mode == UART_8bit_BRTx)) //可变波特率
                  {
                    if(COMx->UART_Polity == PolityHigh)   IP2 |=  1;  //高优先级中断
                    else                  IP2 &= ~1;  //低优先级中断
                    if(COMx->UART_Mode == UART_9bit_BRTx) S2CON |=  (1<<7); //9bit
                    else                  S2CON &= ~(1<<7); //8bit
                    j = (MAIN_Fosc / 4) / COMx->UART_BaudRate;  //按1T计算
                    if(j >= 65536UL)  return 2; //错误
                    j = 65536UL - j;
                    AUXR &= ~(1<<4);  //Timer stop
                    AUXR &= ~(1<<3);  //Timer2 set As Timer
                    AUXR |=  (1<<2);  //Timer2 set as 1T mode
                    TH2 = (u8)(j>>8);
C51 COMPILER V9.52.0.0   USART                                                             07/08/2014 16:46:13 PAGE 3   

                    TL2 = (u8)j;
                    IE2  &= ~(1<<2);  //禁止中断
                    AUXR |=  (1<<4);  //Timer run enable
                  }
                  else  return 2; //模式错误
                  if(COMx->UART_Interrupt == ENABLE)  IE2   |=  1;    //允许中断
                  else                IE2   &= ~1;    //禁止中断
                  if(COMx->UART_RxEnable == ENABLE) S2CON |=  (1<<4); //允许接收
                  else                S2CON &= ~(1<<4); //禁止接收
                  P_SW2 = (P_SW2 & ~1) | (COMx->UART_P_SW & 0x01);  //切换IO
                }
                  #endif
 129   1      
 130   1          return 2;
 131   1      }
 132          
 133          
 134          /*************** 装载串口发送缓冲 *******************************/
 135          #ifdef USE_USART1
 136          void TX1_write2buff(u8 dat) //写入发送缓冲，指针+1
 137          {
 138   1        TX1_Buffer[COM1.TX_write] = dat;  //装发送缓冲
 139   1        if(++COM1.TX_write >= COM_TX1_Lenth)  COM1.TX_write = 0;
 140   1      
 141   1        if(COM1.B_TX_busy == 0)   //空闲
 142   1        {  
 143   2          COM1.B_TX_busy = 1;   //标志忙
 144   2          TI = 1;         //触发发送中断
 145   2        }
 146   1      }
 147          #endif
 148          
 149          #ifdef USE_USART2
              void TX2_write2buff(u8 dat) //写入发送缓冲，指针+1
              {
                TX2_Buffer[COM2.TX_write] = dat;  //装发送缓冲
                if(++COM2.TX_write >= COM_TX2_Lenth)  COM2.TX_write = 0;
              
                if(COM2.B_TX_busy == 0)   //空闲
                {  
                  COM2.B_TX_busy = 1;   //标志忙
                  SET_TI2();        //触发发送中断
                }
              }
              #endif
 162          
 163          
 164          #ifdef USE_USART1
 165          void PrintString1(u8 *puts)
 166          {
 167   1          for (; *puts != 0;  puts++)  TX1_write2buff(*puts);   //遇到停止符0结束
 168   1      }
 169          #endif
 170          
 171          #ifdef USE_USART2
              void PrintString2(u8 *puts)
              {
                  for (; *puts != 0;  puts++)  TX2_write2buff(*puts);   //遇到停止符0结束
              }
              #endif
 177          
 178          /*
C51 COMPILER V9.52.0.0   USART                                                             07/08/2014 16:46:13 PAGE 4   

 179          void COMx_write2buff(COMx_Define *COMx, u8 dat) //写入发送缓冲，指针+1
 180          {
 181            if(COMx->id == 1) TX1_write2buff(dat);
 182            if(COMx->id == 2) TX2_write2buff(dat);
 183          }
 184          
 185          void PrintString(COMx_Define *COMx, u8 *puts)
 186          {
 187              for (; *puts != 0;  puts++)  COMx_write2buff(COMx,*puts);   //遇到停止符0结束
 188          }
 189          */
 190          
 191          
 192          /********************* UART1中断函数************************/
 193          #ifdef USE_USART1
 194          void UART1_int (void) interrupt UART1_VECTOR
 195          {
 196   1        if(RI)
 197   1        {
 198   2          RI = 0;
 199   2          if(COM1.B_RX_OK == 0)
 200   2          {
 201   3            if(COM1.RX_Cnt >= COM_RX1_Lenth)  COM1.RX_Cnt = 0;
 202   3            RX1_Buffer[COM1.RX_Cnt++] = SBUF;
 203   3            COM1.RX_TimeOut = TimeOutSet1;
 204   3          }
 205   2        }
 206   1      
 207   1        if(TI)
 208   1        {
 209   2          TI = 0;
 210   2          if(COM1.TX_read != COM1.TX_write)
 211   2          {
 212   3            SBUF = TX1_Buffer[COM1.TX_read];
 213   3            if(++COM1.TX_read >= COM_TX1_Lenth)   COM1.TX_read = 0;
 214   3          }
 215   2          else  COM1.B_TX_busy = 0;
 216   2        }
 217   1      }
 218          #endif
 219          
 220          /********************* UART2中断函数************************/
 221          #ifdef USE_USART2
              void UART2_int (void) interrupt UART2_VECTOR
              {
                if(RI2)
                {
                  CLR_RI2();
                  if(COM2.B_RX_OK == 0)
                  {
                    if(COM2.RX_Cnt >= COM_RX2_Lenth)  COM2.RX_Cnt = 0;
                    RX2_Buffer[COM2.RX_Cnt++] = S2BUF;
                    COM2.RX_TimeOut = TimeOutSet2;
                  }
                }
              
                if(TI2)
                {
                  CLR_TI2();
                  if(COM2.TX_read != COM2.TX_write)
                  {
                    S2BUF = TX2_Buffer[COM2.TX_read];
C51 COMPILER V9.52.0.0   USART                                                             07/08/2014 16:46:13 PAGE 5   

                    if(++COM2.TX_read >= COM_TX2_Lenth)   COM2.TX_read = 0;
                  }
                  else  COM2.B_TX_busy = 0;
                }
              
              }
              #endif
 248          
 249          
 250          


MODULE INFORMATION:   STATIC OVERLAYABLE
   CODE SIZE        =    571    ----
   CONSTANT SIZE    =   ----    ----
   XDATA SIZE       =    256    ----
   PDATA SIZE       =   ----    ----
   DATA SIZE        =      7       7
   IDATA SIZE       =   ----    ----
   BIT SIZE         =   ----    ----
END OF MODULE INFORMATION.


C51 COMPILATION COMPLETE.  0 WARNING(S),  0 ERROR(S)
