C51 COMPILER V9.52.0.0   COMMAND                                                           07/25/2014 15:24:15 PAGE 1   


C51 COMPILER V9.52.0.0, COMPILATION OF MODULE COMMAND
OBJECT MODULE PLACED IN .\build\command.obj
COMPILER INVOKED BY: e:\Keil_v5\C51\BIN\C51.EXE lib\command.c BROWSE INCDIR(.\lib;.\src) DEBUG OBJECTEXTEND PRINT(.\buil
                    -d\command.lst) TABS(2) OBJECT(.\build\command.obj)

line level    source

   1          #include "command.h"
   2          
   3          
   4          
   5          //CMD_TYPE Comm getconfig        ={0x02,0x00,0x0A,0x00,0x00,0x00,0xF3,0xFF,0xFF,0xFF}; 
   6          //CMD_TYPE Comm setconfig        ={0x03,0x00,0xA9,0x00,0x00,0x00,0x53,0xFF};
   7          
   8          //CMD_TYPE Comm getdns           ={0x53,0x00,0x0A,0x00,0x00,0x00,0xA2,0xFF,0xFF,0xFF};
   9          //CMD_TYPE Comm setdns           ={0x52,0x00,0x5E,0x00,0x00,0x00,0x4F,0xFF};
  10          
  11          //CMD_TYPE Comm getextrassid     ={0x65,0x00,0x0A,0x00,0x00,0x00,0x90,0xFF,0xFF,0xFF};
  12          //CMD_TYPE Comm setextrassid     ={0x64,0x00,0x0E,0x01,0x00,0x00,0x8D,0xFE};
  13          
  14          //CMD_TYPE Comm getextrasocket   ={0x6A,0x00,0x0A,0x00,0x00,0x00,0x8B,0xFF,0xFF,0xFF};
  15          //CMD_TYPE Comm setextrasocket      ={0x69,0x00,0x4D,0x01,0x00,0x00,0x49,0xFF};
  16          
  17          //CMD_TYPE Comm getkeepalive     ={0x6C,0x00,0x0A,0x00,0x00,0x00,0x89,0xFF,0xFF,0xFF};
  18          //CMD_TYPE Comm setkeepalive     ={0x6B,0x00,0x12,0x00,0x00,0x00,0x82,0xFF};
  19          
  20          //CMD_TYPE Comm getpsmode        ={0x66,0x00,0x0A,0x00,0x00,0x00,0x8F,0xFF,0xFF,0xFF};
  21          //CMD_TYPE Comm setpsmode        ={0x63,0x00,0x14,0x00,0x00,0x00,0x88,0xFF,0x00,0x00,
  22          //                                 0xE8,0x03,0x00,0x00,0xC8,0x00,0x00,0x00,0x4F,0xF8};
  23          
  24          //CMD_TYPE Comm getdualup        ={0x68,0x00,0x0A,0x00,0x00,0x00,0x8D,0xFF,0xFF,0xFF};
  25          //CMD_TYPE Comm setdualup        ={0x67,0x00,0x4B,0x00,0x00,0x00,0x4D,0xFE};
  26          
  27          //CMD_TYPE Comm getuartmode      ={0x62,0x00,0x0A,0x00,0x00,0x00,0x93,0xFF,0xFF,0xFF};
  28          //CMD_TYPE Comm setuartmode      ={0x61,0x00,0x0B,0x00,0x00,0x00,0x93,0xFE};
  29          
  30          //CMD_TYPE Comm getname          ={0x46,0x00,0x0A,0x00,0x00,0x00,0xAF,0xFF,0xFF,0xFF};
  31          //CMD_TYPE Comm setname          ={0x47,0x00,0x32,0x00,0x00,0x00,0x86};
  32          
  33          //CMD_TYPE Comm getver           ={0x6F,0x47,0x0A,0x00,0x00,0x00,0x86,0xFF,0xFF,0xFF};
  34          
  35          
  36          //CMD_TYPE Comm getmacaddr       ={0x0C,0x00,0x0A,0x00,0x00,0x00,0xE9,0xFF,0xFF,0xFF};
  37          
  38          
  39          //Dynamic configuration,
  40          //CMD_TYPE Comm reset            ={0x01,0x00,0x0A,0x00,0x00,0x00,0xF4,0xFF,0xFF,0xFF};
  41          
  42          CMD_TYPE Comm   start            ={0x05,0x00,0x0A,0x00,0x00,0x00,0xF0,0xFF};
  43          
  44          //CMD_TYPE Comm getstatus        ={0x08,0x00,0x0A,0x00,0x00,0x00,0xED,0xFF,0xFF,0xFF};
  45          
  46          //CMD_TYPE Comm getip            ={0x40,0x00,0x0A,0x00,0x00,0x00,0xB5,0xFF,0xFF,0xFF};
  47          
  48          CMD_TYPE Comm  opensocket        ={0x45,0x00,0x4E,0x00,0x00,0x00,0x6C,0xFF};
  49          
  50          CMD_TYPE Comm  closesocket       ={0x44,0x00,0x0A,0x00,0x00,0x00,0xB1,0xFF};
  51          
  52          //CMD_TYPE Comm wifistop         ={0x4A,0x00,0x0A,0x00,0x01,0x00,0xAA,0xFF,0xFF,0xFF};
  53          
  54          //CMD_TYPE Comm wificonnect      ={0x4B,0x00,0x0A,0x00,0x00,0x00,0xAA,0xFF,0xFF,0xFF};
C51 COMPILER V9.52.0.0   COMMAND                                                           07/25/2014 15:24:15 PAGE 2   

  55          
  56          //CMD_TYPE Comm scanap           ={0x04,0x00,0x0A,0x00,0x00,0x00,0xF1,0xFF,0xFF,0xFF};
  57          
  58          CMD_TYPE Comm senddata           ={0x06,0x00,0x10,0x00,0x00,0x00,0xE9,0xFF};
  59          
  60          //u8 CMD_TYPE recvdata           ={0x01,0x00,0x0A,0x00,0x00,0x00,0xF4,0xFF,0xFF,0xFF};


MODULE INFORMATION:   STATIC OVERLAYABLE
   CODE SIZE        =   ----    ----
   CONSTANT SIZE    =   ----    ----
   XDATA SIZE       =   ----    ----
   PDATA SIZE       =   ----    ----
   DATA SIZE        =   ----    ----
   IDATA SIZE       =     32    ----
   BIT SIZE         =   ----    ----
END OF MODULE INFORMATION.


C51 COMPILATION COMPLETE.  0 WARNING(S),  0 ERROR(S)
