C51 COMPILER V9.52.0.0   MAIN                                                              07/13/2014 21:02:14 PAGE 1   


C51 COMPILER V9.52.0.0, COMPILATION OF MODULE MAIN
OBJECT MODULE PLACED IN .\build\main.obj
COMPILER INVOKED BY: e:\Keil_v5\C51\BIN\C51.EXE src\main.c BROWSE INCDIR(.\lib;.\src) DEBUG OBJECTEXTEND PRINT(.\build\m
                    -ain.lst) TABS(2) OBJECT(.\build\main.obj)

line level    source

   1          #include "rey_config.h"
   2          
   3          void SendCommand(u8 *puts, u8 length);
   4          //global value
   5          unsigned int systick=0;
   6          void main(void)
   7          {
   8   1        int i;
   9   1        rey_usart_config();
  10   1        rey_timer_config();
  11   1      
  12   1        
  13   1        Initialize_LCD();
  14   1        ClearLine(1);
  15   1        ClearLine(2);
  16   1        
  17   1        EA = 0;
  18   1      
  19   1        PutString(1,1,"--INFO1:123456--");
  20   1        PutString(2,1,"--INFO2:654321--");
  21   1      //  P13=0;
  22   1      
  23   1        SendCommand(getver,ComanndLenth10);
  24   1        SendCommand(getname,ComanndLenth10);
  25   1        SendCommand(getuartmode,ComanndLenth10);
  26   1      //  SendCommand(getdualup,ComanndLenth10);  
  27   1      //  SendCommand(getmacaddr,ComanndLenth10); 
  28   1      //  SendCommand(start,ComanndLenth10);
  29   1          while(1)
  30   1          { 
  31   2          if(COM1.RX_TimeOut > 0)   //超时计数
  32   2          {
  33   3            if(--COM1.RX_TimeOut == 0)
  34   3            {
  35   4              if(COM1.RX_Cnt > 0)
  36   4              {
  37   5                for(i=0; i<COM1.RX_Cnt; i++)  TX1_write2buff(RX1_Buffer[i]);  //收到的数据原样返回
  38   5              }
  39   4              COM1.RX_Cnt = 0;
  40   4            }
  41   3          }
  42   2          }
  43   1        
  44   1        
  45   1      
  46   1              
  47   1      }
  48          void SendCommand(u8 *puts,u8 length)
  49          {
  50   1            unsigned int i;
  51   1            for (i=0; i< length;  i++)  
  52   1              {
  53   2                TX1_write2buff(*puts);  //遇到停止符0结束
  54   2                puts++;
C51 COMPILER V9.52.0.0   MAIN                                                              07/13/2014 21:02:14 PAGE 2   

  55   2              }
  56   1            while(COM1.TX_Cnt != 0){;}
  57   1      }
  58          
  59          
  60          /********************* Timer0中断函数************************/
  61          #ifdef USE_TIMER0
  62          void timer0_int (void) interrupt TIMER0_VECTOR
  63          {
  64   1          systick++;
  65   1      }
  66          #endif
  67          
  68          /********************* Timer1中断函数************************/
  69          #ifdef USE_TIMER1
              void timer1_int (void) interrupt TIMER1_VECTOR
              {
              
              }
              #endif


MODULE INFORMATION:   STATIC OVERLAYABLE
   CODE SIZE        =    219    ----
   CONSTANT SIZE    =     34    ----
   XDATA SIZE       =   ----    ----
   PDATA SIZE       =   ----    ----
   DATA SIZE        =      2       8
   IDATA SIZE       =   ----    ----
   BIT SIZE         =   ----    ----
END OF MODULE INFORMATION.


C51 COMPILATION COMPLETE.  0 WARNING(S),  0 ERROR(S)
